ARM GAS  /var/folders/0b/rh7d8qts4ys3rdpl8xd_0jkm0000gn/T//cc6DMuBY.s 			page 1


   1              		.cpu cortex-m4
   2              		.eabi_attribute 27, 1
   3              		.eabi_attribute 28, 1
   4              		.eabi_attribute 20, 1
   5              		.eabi_attribute 21, 1
   6              		.eabi_attribute 23, 3
   7              		.eabi_attribute 24, 1
   8              		.eabi_attribute 25, 1
   9              		.eabi_attribute 26, 1
  10              		.eabi_attribute 30, 2
  11              		.eabi_attribute 34, 1
  12              		.eabi_attribute 18, 4
  13              		.file	"pi_regulator.c"
  14              		.text
  15              	.Ltext0:
  16              		.cfi_sections	.debug_frame
  17              	.Letext0:
  18              		.section	.debug_line,"",%progbits
  19              	.Ldebug_line0:
  20              		.section	.debug_str,"MS",%progbits,1
  21              	.LASF0:
  22 0000 70695F72 		.ascii	"pi_regulator.c\000"
  22      6567756C 
  22      61746F72 
  22      2E6300
  23              	.LASF1:
  24 000f 474E5520 		.ascii	"GNU C11 7.2.1 20170904 (release) [ARM/embedded-7-br"
  24      43313120 
  24      372E322E 
  24      31203230 
  24      31373039 
  25 0042 616E6368 		.ascii	"anch revision 255204] -mcpu=cortex-m4 -mfloat-abi=h"
  25      20726576 
  25      6973696F 
  25      6E203235 
  25      35323034 
  26 0075 61726420 		.ascii	"ard -mfpu=fpv4-sp-d16 -mno-thumb-interwork -mthumb "
  26      2D6D6670 
  26      753D6670 
  26      76342D73 
  26      702D6431 
  27 00a8 2D676764 		.ascii	"-ggdb -O2 -fomit-frame-pointer -falign-functions=16"
  27      62202D4F 
  27      32202D66 
  27      6F6D6974 
  27      2D667261 
  28 00db 202D666E 		.ascii	" -fno-strict-aliasing -fstack-protector-all -ffunct"
  28      6F2D7374 
  28      72696374 
  28      2D616C69 
  28      6173696E 
  29 010e 696F6E2D 		.ascii	"ion-sections -fdata-sections -fno-common -fsingle-p"
  29      73656374 
  29      696F6E73 
  29      202D6664 
  29      6174612D 
  30 0141 72656369 		.ascii	"recision-constant\000"
ARM GAS  /var/folders/0b/rh7d8qts4ys3rdpl8xd_0jkm0000gn/T//cc6DMuBY.s 			page 2


  30      73696F6E 
  30      2D636F6E 
  30      7374616E 
  30      7400
  31              	.LASF2:
  32 0153 2F557365 		.ascii	"/Users/nicolasbaldwin/Documents/OneDrive/EPFL/semes"
  32      72732F6E 
  32      69636F6C 
  32      61736261 
  32      6C647769 
  33 0186 74726520 		.ascii	"tre 6/TP_MICRINF/RealProject/RealProject/\000"
  33      362F5450 
  33      5F4D4943 
  33      52494E46 
  33      2F526561 
  34              		.ident	"GCC: (GNU Tools for Arm Embedded Processors 7-2017-q4-major) 7.2.1 20170904 (release) [ARM
ARM GAS  /var/folders/0b/rh7d8qts4ys3rdpl8xd_0jkm0000gn/T//cc6DMuBY.s 			page 3


DEFINED SYMBOLS
                            *ABS*:0000000000000000 pi_regulator.c

NO UNDEFINED SYMBOLS
